SF:/Users/eli/git/github.com/rjeli/std2/assert.ts
FN:4,asExists
FN:14,asInstanceOf
FN:22,asRecord
FNDA:3,asExists
FNDA:2,asInstanceOf
FNDA:2,asRecord
FNF:3
FNH:3
BRDA:23,3,0,1
BRF:1
BRH:1
DA:1,2
DA:4,2
DA:5,2
DA:6,2
DA:8,5
DA:9,5
DA:10,5
DA:12,2
DA:14,2
DA:15,2
DA:16,2
DA:18,4
DA:19,4
DA:20,4
DA:22,2
DA:23,4
DA:24,4
DA:25,4
LH:18
LF:18
end_of_record
SF:/Users/eli/git/github.com/rjeli/std2/mod.ts
FN:12,run
FN:14,defer
FN:22,scoped
FN:27,get
FNDA:1,run
FNDA:3,defer
FNDA:1,scoped
FNDA:2,get
FNF:4
FNH:4
BRDA:28,5,0,1
BRF:1
BRH:1
DA:8,1
DA:9,1
DA:10,1
DA:12,1
DA:14,1
DA:15,4
DA:16,4
DA:17,7
DA:18,7
DA:19,4
DA:20,4
DA:22,1
DA:23,1
DA:24,1
DA:26,2
DA:27,2
DA:28,4
DA:29,5
DA:30,5
DA:31,5
DA:32,4
DA:33,2
DA:34,2
LH:23
LF:23
end_of_record
SF:/Users/eli/git/github.com/rjeli/std2/streams/adapters.ts
FN:6,isResponseBody
FN:18,readableStreamFrom
FN:29,pull
FNDA:5,isResponseBody
FNDA:5,readableStreamFrom
FNDA:10,pull
FNF:3
FNH:3
BRDA:7,1,0,4
BRDA:8,1,1,4
BRDA:9,1,2,4
BRDA:21,2,0,1
BRDA:25,2,1,4
BRDA:26,2,2,3
BRDA:38,2,3,1
BRDA:31,3,0,9
BRDA:31,3,1,3
BRDA:33,3,2,7
BRF:10
BRH:10
DA:1,2
DA:6,7
DA:7,7
DA:8,7
DA:9,7
DA:10,7
DA:11,7
DA:18,2
DA:19,2
DA:21,7
DA:22,8
DA:23,8
DA:24,8
DA:25,8
DA:26,7
DA:27,10
DA:28,10
DA:29,10
DA:30,20
DA:31,20
DA:32,32
DA:33,29
DA:34,36
DA:35,36
DA:36,20
DA:37,10
DA:38,10
DA:39,8
DA:40,7
LH:29
LF:29
end_of_record
SF:/Users/eli/git/github.com/rjeli/std2/streams/json.ts
FN:9,JsonParseStream
FN:11,transform
FNDA:1,JsonParseStream
FNDA:1,transform
FNF:2
FNH:2
BRF:0
BRH:0
DA:7,2
DA:8,2
DA:9,2
DA:10,3
DA:11,3
DA:12,4
DA:13,4
DA:14,4
DA:15,3
DA:16,3
DA:17,2
LH:11
LF:11
end_of_record
SF:/Users/eli/git/github.com/rjeli/std2/streams/regex.ts
FN:8,<instance_members_initializer>
FN:11,RegexStream
FN:12,transform
FN:37,transform
FN:38,flush
FNDA:15,<instance_members_initializer>
FNDA:15,RegexStream
FNDA:59,transform
FNDA:44,transform
FNDA:15,flush
FNF:5
FNH:5
BRDA:41,2,0,9
BRDA:41,2,1,6
BRDA:42,2,2,9
BRDA:42,2,3,6
BRDA:20,3,0,92
BRDA:22,3,1,33
BRDA:24,3,2,59
BRDA:25,3,3,50
BRDA:25,3,4,26
BRDA:29,3,5,33
BRF:10
BRH:10
DA:1,2
DA:7,2
DA:8,2
DA:9,2
DA:11,2
DA:12,17
DA:13,17
DA:14,17
DA:15,17
DA:17,76
DA:18,76
DA:19,76
DA:20,76
DA:21,168
DA:22,168
DA:23,201
DA:24,201
DA:25,168
DA:27,194
DA:28,194
DA:29,194
DA:30,201
DA:31,201
DA:32,201
DA:33,76
DA:34,17
DA:36,17
DA:37,17
DA:38,17
DA:39,17
DA:41,17
DA:42,17
DA:43,17
DA:44,17
DA:45,51
DA:46,17
DA:47,2
LH:37
LF:37
end_of_record
